[2025-10-04T18:09:38.469Z] 🚀 TYPESCRIPT ERROR FIXER
[2025-10-04T18:09:38.473Z] Repository: C:\Users\chris\Git Local\StreamFlow
[2025-10-04T18:09:38.473Z] ================================================================================

[2025-10-04T18:09:38.473Z] Running TypeScript check...
[2025-10-04T18:09:38.474Z] ▶ npx tsc --noEmit --skipLibCheck
[2025-10-04T18:10:02.955Z] ⚠️ Command failed but continuing: npx tsc --noEmit --skipLibCheck
[2025-10-04T18:10:02.955Z] ✅ No TypeScript errors found!
[2025-10-04T18:10:02.956Z] 📄 Report saved to C:\Users\chris\Git Local\StreamFlow\ops\reports\typescript-fixes-report.md
[2025-10-04T18:16:20.562Z] 🚀 TYPESCRIPT ERROR FIXER
[2025-10-04T18:16:20.565Z] Repository: C:\Users\chris\Git Local\StreamFlow
[2025-10-04T18:16:20.565Z] ================================================================================

[2025-10-04T18:16:20.566Z] Running TypeScript check...
[2025-10-04T18:16:20.566Z] ▶ npx tsc --noEmit --skipLibCheck
[2025-10-04T18:16:43.832Z] ⚠️ Command failed but continuing: npx tsc --noEmit --skipLibCheck
[2025-10-04T18:16:43.833Z] ✅ No TypeScript errors found!
[2025-10-04T18:16:43.833Z] 📄 Report saved to C:\Users\chris\Git Local\StreamFlow\ops\reports\typescript-fixes-report.md
[2025-10-04T19:22:38.801Z] 🚀 TYPESCRIPT ERROR FIXER
[2025-10-04T19:22:38.803Z] Repository: C:\Users\chris\Git Local\StreamFlow
[2025-10-04T19:22:38.804Z] ================================================================================

[2025-10-04T19:22:38.804Z] Running TypeScript check...
[2025-10-04T19:22:38.804Z] ▶ npx tsc --noEmit --skipLibCheck
[2025-10-04T19:23:06.056Z] ⚠️ Command failed but continuing: npx tsc --noEmit --skipLibCheck
[2025-10-04T19:23:06.056Z] ✅ No TypeScript errors found!
[2025-10-04T19:23:06.057Z] 📄 Report saved to C:\Users\chris\Git Local\StreamFlow\ops\reports\typescript-fixes-report.md
